0 info it worked if it ends with ok
1 verbose cli [ '/Users/user/.nvm/versions/node/v6.8.1/bin/node',
1 verbose cli   '/Users/user/.nvm/versions/node/v6.8.1/bin/npm',
1 verbose cli   'run',
1 verbose cli   'start' ]
2 info using npm@3.10.8
3 info using node@v6.8.1
4 verbose run-script [ 'prestart', 'start', 'poststart' ]
5 info lifecycle nightwatch_crawler@0.0.1~prestart: nightwatch_crawler@0.0.1
6 silly lifecycle nightwatch_crawler@0.0.1~prestart: no script for prestart, continuing
7 info lifecycle nightwatch_crawler@0.0.1~start: nightwatch_crawler@0.0.1
8 verbose lifecycle nightwatch_crawler@0.0.1~start: unsafe-perm in lifecycle true
9 verbose lifecycle nightwatch_crawler@0.0.1~start: PATH: /Users/user/.nvm/versions/node/v6.8.1/lib/node_modules/npm/bin/node-gyp-bin:/Users/user/Sites/onlinereadbook/mini-hackathon/mini-project/01-chat-bot-ai/TeamA/tigerair/node_modules/.bin:/Users/user/.nvm/versions/node/v6.8.1/bin:/Users/user/.rvm/gems/ruby-2.3.0/bin:/Users/user/.rvm/gems/ruby-2.3.0@global/bin:/Users/user/.rvm/rubies/ruby-2.3.0/bin:/usr/local/bin:/usr/bin:/bin:/usr/sbin:/sbin:/usr/local/git/bin:/Users/user/.rvm/bin
10 verbose lifecycle nightwatch_crawler@0.0.1~start: CWD: /Users/user/Sites/onlinereadbook/mini-hackathon/mini-project/01-chat-bot-ai/TeamA/tigerair
11 silly lifecycle nightwatch_crawler@0.0.1~start: Args: [ '-c',
11 silly lifecycle   'npm run build && nightwatch --test test-dist/main/main.js' ]
12 silly lifecycle nightwatch_crawler@0.0.1~start: Returned: code: 1  signal: null
13 info lifecycle nightwatch_crawler@0.0.1~start: Failed to exec start script
14 verbose stack Error: nightwatch_crawler@0.0.1 start: `npm run build && nightwatch --test test-dist/main/main.js`
14 verbose stack Exit status 1
14 verbose stack     at EventEmitter.<anonymous> (/Users/user/.nvm/versions/node/v6.8.1/lib/node_modules/npm/lib/utils/lifecycle.js:255:16)
14 verbose stack     at emitTwo (events.js:106:13)
14 verbose stack     at EventEmitter.emit (events.js:191:7)
14 verbose stack     at ChildProcess.<anonymous> (/Users/user/.nvm/versions/node/v6.8.1/lib/node_modules/npm/lib/utils/spawn.js:40:14)
14 verbose stack     at emitTwo (events.js:106:13)
14 verbose stack     at ChildProcess.emit (events.js:191:7)
14 verbose stack     at maybeClose (internal/child_process.js:877:16)
14 verbose stack     at Process.ChildProcess._handle.onexit (internal/child_process.js:226:5)
15 verbose pkgid nightwatch_crawler@0.0.1
16 verbose cwd /Users/user/Sites/onlinereadbook/mini-hackathon/mini-project/01-chat-bot-ai/TeamA/tigerair
17 error Darwin 16.1.0
18 error argv "/Users/user/.nvm/versions/node/v6.8.1/bin/node" "/Users/user/.nvm/versions/node/v6.8.1/bin/npm" "run" "start"
19 error node v6.8.1
20 error npm  v3.10.8
21 error code ELIFECYCLE
22 error nightwatch_crawler@0.0.1 start: `npm run build && nightwatch --test test-dist/main/main.js`
22 error Exit status 1
23 error Failed at the nightwatch_crawler@0.0.1 start script 'npm run build && nightwatch --test test-dist/main/main.js'.
23 error Make sure you have the latest version of node.js and npm installed.
23 error If you do, this is most likely a problem with the nightwatch_crawler package,
23 error not with npm itself.
23 error Tell the author that this fails on your system:
23 error     npm run build && nightwatch --test test-dist/main/main.js
23 error You can get information on how to open an issue for this project with:
23 error     npm bugs nightwatch_crawler
23 error Or if that isn't available, you can get their info via:
23 error     npm owner ls nightwatch_crawler
23 error There is likely additional logging output above.
24 verbose exit [ 1, true ]
